2022-06-04 23:40:07 | [INFO]    | Discordia 2.9.2
2022-06-04 23:40:07 | [INFO]    | Connecting to Discord...
2022-06-04 23:40:07 | [INFO]    | Authenticated as braytest#0780
2022-06-04 23:40:07 | [INFO]    | Launching shard 0 (1 out of 1)...
2022-06-04 23:40:08 | [INFO]    | Shard 0 : Connected to wss://gateway.discord.gg
2022-06-04 23:40:08 | [INFO]    | Shard 0 : Received HELLO
2022-06-04 23:40:08 | [INFO]    | Shard 0 : Received READY
2022-06-05 00:15:43 | [INFO]    | Discordia 2.9.2
2022-06-05 00:15:43 | [INFO]    | Connecting to Discord...
2022-06-05 00:15:44 | [INFO]    | Authenticated as braytest#0780
2022-06-05 00:15:44 | [INFO]    | Launching shard 0 (1 out of 1)...
2022-06-05 00:15:44 | [INFO]    | Shard 0 : Connected to wss://gateway.discord.gg
2022-06-05 00:15:44 | [INFO]    | Shard 0 : Received HELLO
2022-06-05 00:15:44 | [INFO]    | Shard 0 : Received READY
2022-06-05 00:17:04 | [INFO]    | Discordia 2.9.2
2022-06-05 00:17:04 | [INFO]    | Connecting to Discord...
2022-06-05 00:17:05 | [INFO]    | Authenticated as braytest#0780
2022-06-05 00:17:05 | [INFO]    | Launching shard 0 (1 out of 1)...
2022-06-05 00:17:05 | [INFO]    | Shard 0 : Connected to wss://gateway.discord.gg
2022-06-05 00:17:05 | [INFO]    | Shard 0 : Received HELLO
2022-06-05 00:17:05 | [INFO]    | Shard 0 : Received READY
2022-06-05 00:17:46 | [INFO]    | Discordia 2.9.2
2022-06-05 00:17:46 | [INFO]    | Connecting to Discord...
2022-06-05 00:17:46 | [INFO]    | Authenticated as braytest#0780
2022-06-05 00:17:46 | [INFO]    | Launching shard 0 (1 out of 1)...
2022-06-05 00:17:47 | [INFO]    | Shard 0 : Connected to wss://gateway.discord.gg
2022-06-05 00:17:47 | [INFO]    | Shard 0 : Received HELLO
2022-06-05 00:17:47 | [INFO]    | Shard 0 : Received READY
2022-06-05 00:19:13 | [INFO]    | Discordia 2.9.2
2022-06-05 00:19:13 | [INFO]    | Connecting to Discord...
2022-06-05 00:19:14 | [INFO]    | Authenticated as braytest#0780
2022-06-05 00:19:14 | [INFO]    | Launching shard 0 (1 out of 1)...
2022-06-05 00:19:14 | [INFO]    | Shard 0 : Connected to wss://gateway.discord.gg
2022-06-05 00:19:14 | [INFO]    | Shard 0 : Received HELLO
2022-06-05 00:19:14 | [INFO]    | Shard 0 : Received READY
2022-06-05 00:21:23 | [INFO]    | Discordia 2.9.2
2022-06-05 00:21:23 | [INFO]    | Connecting to Discord...
2022-06-05 00:21:24 | [INFO]    | Authenticated as braytest#0780
2022-06-05 00:21:24 | [INFO]    | Launching shard 0 (1 out of 1)...
2022-06-05 00:21:24 | [INFO]    | Shard 0 : Connected to wss://gateway.discord.gg
2022-06-05 00:21:24 | [INFO]    | Shard 0 : Received HELLO
2022-06-05 00:21:25 | [INFO]    | Shard 0 : Received READY
2022-06-05 00:22:50 | [INFO]    | Discordia 2.9.2
2022-06-05 00:22:50 | [INFO]    | Connecting to Discord...
2022-06-05 00:22:50 | [INFO]    | Authenticated as braytest#0780
2022-06-05 00:22:50 | [INFO]    | Launching shard 0 (1 out of 1)...
2022-06-05 00:22:50 | [INFO]    | Shard 0 : Connected to wss://gateway.discord.gg
2022-06-05 00:22:50 | [INFO]    | Shard 0 : Received HELLO
2022-06-05 00:22:51 | [INFO]    | Shard 0 : Received READY
2022-06-05 00:27:12 | [INFO]    | Discordia 2.9.2
2022-06-05 00:27:12 | [INFO]    | Connecting to Discord...
2022-06-05 00:27:12 | [INFO]    | Authenticated as braytest#0780
2022-06-05 00:27:12 | [INFO]    | Launching shard 0 (1 out of 1)...
2022-06-05 00:27:12 | [INFO]    | Shard 0 : Connected to wss://gateway.discord.gg
2022-06-05 00:27:12 | [INFO]    | Shard 0 : Received HELLO
2022-06-05 00:27:13 | [INFO]    | Shard 0 : Received READY
2022-06-05 00:29:21 | [INFO]    | Discordia 2.9.2
2022-06-05 00:29:21 | [INFO]    | Connecting to Discord...
2022-06-05 00:29:21 | [INFO]    | Authenticated as braytest#0780
2022-06-05 00:29:21 | [INFO]    | Launching shard 0 (1 out of 1)...
2022-06-05 00:29:21 | [INFO]    | Shard 0 : Connected to wss://gateway.discord.gg
2022-06-05 00:29:21 | [INFO]    | Shard 0 : Received HELLO
2022-06-05 00:29:21 | [INFO]    | Shard 0 : Received READY
2022-06-05 00:31:55 | [INFO]    | Discordia 2.9.2
2022-06-05 00:31:55 | [INFO]    | Connecting to Discord...
2022-06-05 00:31:55 | [INFO]    | Authenticated as braytest#0780
2022-06-05 00:31:55 | [INFO]    | Launching shard 0 (1 out of 1)...
2022-06-05 00:31:56 | [INFO]    | Shard 0 : Connected to wss://gateway.discord.gg
2022-06-05 00:31:56 | [INFO]    | Shard 0 : Received HELLO
2022-06-05 00:31:56 | [INFO]    | Shard 0 : Received READY
2022-06-05 01:21:20 | [INFO]    | Discordia 2.9.2
2022-06-05 01:21:20 | [INFO]    | Connecting to Discord...
2022-06-05 01:21:20 | [INFO]    | Authenticated as braytest#0780
2022-06-05 01:21:21 | [INFO]    | Launching shard 0 (1 out of 1)...
2022-06-05 01:21:21 | [INFO]    | Shard 0 : Connected to wss://gateway.discord.gg
2022-06-05 01:21:21 | [INFO]    | Shard 0 : Received HELLO
2022-06-05 01:21:21 | [INFO]    | Shard 0 : Received READY
2022-06-05 01:22:58 | [INFO]    | Discordia 2.9.2
2022-06-05 01:22:58 | [INFO]    | Connecting to Discord...
2022-06-05 01:22:59 | [INFO]    | Authenticated as braytest#0780
2022-06-05 01:22:59 | [INFO]    | Launching shard 0 (1 out of 1)...
2022-06-05 01:23:00 | [INFO]    | Shard 0 : Connected to wss://gateway.discord.gg
2022-06-05 01:23:00 | [INFO]    | Shard 0 : Received HELLO
2022-06-05 01:23:00 | [INFO]    | Shard 0 : Received READY
2022-06-05 01:23:54 | [INFO]    | Discordia 2.9.2
2022-06-05 01:23:54 | [INFO]    | Connecting to Discord...
2022-06-05 01:23:54 | [INFO]    | Authenticated as braytest#0780
2022-06-05 01:23:54 | [INFO]    | Launching shard 0 (1 out of 1)...
2022-06-05 01:23:55 | [INFO]    | Shard 0 : Connected to wss://gateway.discord.gg
2022-06-05 01:23:55 | [INFO]    | Shard 0 : Received HELLO
2022-06-05 01:23:55 | [INFO]    | Shard 0 : Received READY
2022-06-05 01:24:36 | [INFO]    | Discordia 2.9.2
2022-06-05 01:24:36 | [INFO]    | Connecting to Discord...
2022-06-05 01:24:36 | [INFO]    | Authenticated as braytest#0780
2022-06-05 01:24:36 | [INFO]    | Launching shard 0 (1 out of 1)...
2022-06-05 01:24:36 | [INFO]    | Shard 0 : Connected to wss://gateway.discord.gg
2022-06-05 01:24:36 | [INFO]    | Shard 0 : Received HELLO
2022-06-05 01:24:36 | [INFO]    | Shard 0 : Received READY
2022-06-05 01:57:10 | [INFO]    | Discordia 2.9.2
2022-06-05 01:57:10 | [INFO]    | Connecting to Discord...
2022-06-05 01:57:10 | [INFO]    | Authenticated as braytest#0780
2022-06-05 01:57:10 | [INFO]    | Launching shard 0 (1 out of 1)...
2022-06-05 01:57:10 | [INFO]    | Shard 0 : Connected to wss://gateway.discord.gg
2022-06-05 01:57:10 | [INFO]    | Shard 0 : Received HELLO
2022-06-05 01:57:11 | [INFO]    | Shard 0 : Received READY
2022-06-05 02:05:11 | [INFO]    | Discordia 2.9.2
2022-06-05 02:05:11 | [INFO]    | Connecting to Discord...
2022-06-05 02:05:11 | [INFO]    | Authenticated as braytest#0780
2022-06-05 02:05:11 | [INFO]    | Launching shard 0 (1 out of 1)...
2022-06-05 02:05:11 | [INFO]    | Shard 0 : Connected to wss://gateway.discord.gg
2022-06-05 02:05:11 | [INFO]    | Shard 0 : Received HELLO
2022-06-05 02:05:11 | [INFO]    | Shard 0 : Received READY
2022-06-05 02:05:49 | [INFO]    | Discordia 2.9.2
2022-06-05 02:05:49 | [INFO]    | Connecting to Discord...
2022-06-05 02:05:50 | [INFO]    | Authenticated as braytest#0780
2022-06-05 02:05:50 | [INFO]    | Launching shard 0 (1 out of 1)...
2022-06-05 02:05:50 | [INFO]    | Shard 0 : Connected to wss://gateway.discord.gg
2022-06-05 02:05:50 | [INFO]    | Shard 0 : Received HELLO
2022-06-05 02:05:50 | [INFO]    | Shard 0 : Received READY
2022-06-05 02:07:15 | [INFO]    | Discordia 2.9.2
2022-06-05 02:07:15 | [INFO]    | Connecting to Discord...
2022-06-05 02:07:15 | [INFO]    | Authenticated as braytest#0780
2022-06-05 02:07:15 | [INFO]    | Launching shard 0 (1 out of 1)...
2022-06-05 02:07:16 | [INFO]    | Shard 0 : Connected to wss://gateway.discord.gg
2022-06-05 02:07:16 | [INFO]    | Shard 0 : Received HELLO
2022-06-05 02:07:16 | [INFO]    | Shard 0 : Received READY
2022-06-05 02:08:10 | [INFO]    | Discordia 2.9.2
2022-06-05 02:08:10 | [INFO]    | Connecting to Discord...
2022-06-05 02:08:10 | [INFO]    | Authenticated as braytest#0780
2022-06-05 02:08:10 | [INFO]    | Launching shard 0 (1 out of 1)...
2022-06-05 02:08:10 | [INFO]    | Shard 0 : Connected to wss://gateway.discord.gg
2022-06-05 02:08:10 | [INFO]    | Shard 0 : Received HELLO
2022-06-05 02:08:11 | [INFO]    | Shard 0 : Received READY
2022-06-05 02:10:23 | [INFO]    | Discordia 2.9.2
2022-06-05 02:10:23 | [INFO]    | Connecting to Discord...
2022-06-05 02:10:23 | [INFO]    | Authenticated as braytest#0780
2022-06-05 02:10:23 | [INFO]    | Launching shard 0 (1 out of 1)...
2022-06-05 02:10:23 | [INFO]    | Shard 0 : Connected to wss://gateway.discord.gg
2022-06-05 02:10:23 | [INFO]    | Shard 0 : Received HELLO
2022-06-05 02:10:23 | [INFO]    | Shard 0 : Received READY
2022-06-05 02:10:57 | [INFO]    | Discordia 2.9.2
2022-06-05 02:10:57 | [INFO]    | Connecting to Discord...
2022-06-05 02:10:57 | [INFO]    | Authenticated as braytest#0780
2022-06-05 02:10:57 | [INFO]    | Launching shard 0 (1 out of 1)...
2022-06-05 02:10:58 | [INFO]    | Shard 0 : Connected to wss://gateway.discord.gg
2022-06-05 02:10:58 | [INFO]    | Shard 0 : Received HELLO
2022-06-05 02:10:58 | [INFO]    | Shard 0 : Received READY
2022-06-05 02:11:37 | [INFO]    | Discordia 2.9.2
2022-06-05 02:11:37 | [INFO]    | Connecting to Discord...
2022-06-05 02:11:37 | [INFO]    | Authenticated as braytest#0780
2022-06-05 02:11:37 | [INFO]    | Launching shard 0 (1 out of 1)...
2022-06-05 02:11:38 | [INFO]    | Shard 0 : Connected to wss://gateway.discord.gg
2022-06-05 02:11:38 | [INFO]    | Shard 0 : Received HELLO
2022-06-05 02:11:38 | [INFO]    | Shard 0 : Received READY
2022-06-05 02:12:28 | [INFO]    | Discordia 2.9.2
2022-06-05 02:12:28 | [INFO]    | Connecting to Discord...
2022-06-05 02:12:28 | [INFO]    | Authenticated as braytest#0780
2022-06-05 02:12:28 | [INFO]    | Launching shard 0 (1 out of 1)...
2022-06-05 02:12:28 | [INFO]    | Shard 0 : Connected to wss://gateway.discord.gg
2022-06-05 02:12:28 | [INFO]    | Shard 0 : Received HELLO
2022-06-05 02:12:28 | [INFO]    | Shard 0 : Received READY
2022-06-05 02:13:12 | [INFO]    | Discordia 2.9.2
2022-06-05 02:13:12 | [INFO]    | Connecting to Discord...
2022-06-05 02:13:13 | [INFO]    | Authenticated as braytest#0780
2022-06-05 02:13:13 | [INFO]    | Launching shard 0 (1 out of 1)...
2022-06-05 02:13:13 | [INFO]    | Shard 0 : Connected to wss://gateway.discord.gg
2022-06-05 02:13:13 | [INFO]    | Shard 0 : Received HELLO
2022-06-05 02:13:13 | [INFO]    | Shard 0 : Received READY
2022-06-05 02:14:03 | [INFO]    | Discordia 2.9.2
2022-06-05 02:14:03 | [INFO]    | Connecting to Discord...
2022-06-05 02:14:03 | [INFO]    | Authenticated as braytest#0780
2022-06-05 02:14:03 | [INFO]    | Launching shard 0 (1 out of 1)...
2022-06-05 02:14:03 | [INFO]    | Shard 0 : Connected to wss://gateway.discord.gg
2022-06-05 02:14:03 | [INFO]    | Shard 0 : Received HELLO
2022-06-05 02:14:03 | [INFO]    | Shard 0 : Received READY
2022-06-05 02:14:36 | [INFO]    | Discordia 2.9.2
2022-06-05 02:14:36 | [INFO]    | Connecting to Discord...
2022-06-05 02:14:36 | [INFO]    | Authenticated as braytest#0780
2022-06-05 02:14:36 | [INFO]    | Launching shard 0 (1 out of 1)...
2022-06-05 02:14:37 | [INFO]    | Shard 0 : Connected to wss://gateway.discord.gg
2022-06-05 02:14:37 | [INFO]    | Shard 0 : Received HELLO
2022-06-05 02:14:37 | [INFO]    | Shard 0 : Received READY
2022-06-05 02:15:08 | [INFO]    | Discordia 2.9.2
2022-06-05 02:15:08 | [INFO]    | Connecting to Discord...
2022-06-05 02:15:08 | [INFO]    | Authenticated as braytest#0780
2022-06-05 02:15:08 | [INFO]    | Launching shard 0 (1 out of 1)...
2022-06-05 02:15:09 | [INFO]    | Shard 0 : Connected to wss://gateway.discord.gg
2022-06-05 02:15:09 | [INFO]    | Shard 0 : Received HELLO
2022-06-05 02:15:09 | [INFO]    | Shard 0 : Received READY
2022-06-05 02:16:10 | [INFO]    | Discordia 2.9.2
2022-06-05 02:16:10 | [INFO]    | Connecting to Discord...
2022-06-05 02:16:11 | [INFO]    | Authenticated as braytest#0780
2022-06-05 02:16:11 | [INFO]    | Launching shard 0 (1 out of 1)...
2022-06-05 02:16:11 | [INFO]    | Shard 0 : Connected to wss://gateway.discord.gg
2022-06-05 02:16:11 | [INFO]    | Shard 0 : Received HELLO
2022-06-05 02:16:11 | [INFO]    | Shard 0 : Received READY
2022-06-05 02:20:56 | [INFO]    | Discordia 2.9.2
2022-06-05 02:20:56 | [INFO]    | Connecting to Discord...
2022-06-05 02:20:56 | [INFO]    | Authenticated as braytest#0780
2022-06-05 02:20:56 | [INFO]    | Launching shard 0 (1 out of 1)...
2022-06-05 02:20:56 | [INFO]    | Shard 0 : Connected to wss://gateway.discord.gg
2022-06-05 02:20:56 | [INFO]    | Shard 0 : Received HELLO
2022-06-05 02:20:56 | [INFO]    | Shard 0 : Received READY
2022-06-05 02:22:34 | [INFO]    | Discordia 2.9.2
2022-06-05 02:22:34 | [INFO]    | Connecting to Discord...
2022-06-05 02:22:35 | [INFO]    | Authenticated as braytest#0780
2022-06-05 02:22:35 | [INFO]    | Launching shard 0 (1 out of 1)...
2022-06-05 02:22:35 | [INFO]    | Shard 0 : Connected to wss://gateway.discord.gg
2022-06-05 02:22:35 | [INFO]    | Shard 0 : Received HELLO
2022-06-05 02:22:36 | [INFO]    | Shard 0 : Received READY
2022-06-05 02:22:59 | [INFO]    | Discordia 2.9.2
2022-06-05 02:22:59 | [INFO]    | Connecting to Discord...
2022-06-05 02:22:59 | [INFO]    | Authenticated as braytest#0780
2022-06-05 02:22:59 | [INFO]    | Launching shard 0 (1 out of 1)...
2022-06-05 02:23:00 | [INFO]    | Shard 0 : Connected to wss://gateway.discord.gg
2022-06-05 02:23:00 | [INFO]    | Shard 0 : Received HELLO
2022-06-05 02:23:00 | [INFO]    | Shard 0 : Received READY
2022-06-05 02:24:00 | [INFO]    | Discordia 2.9.2
2022-06-05 02:24:00 | [INFO]    | Connecting to Discord...
2022-06-05 02:24:01 | [INFO]    | Authenticated as braytest#0780
2022-06-05 02:24:01 | [INFO]    | Launching shard 0 (1 out of 1)...
2022-06-05 02:24:01 | [INFO]    | Shard 0 : Connected to wss://gateway.discord.gg
2022-06-05 02:24:01 | [INFO]    | Shard 0 : Received HELLO
2022-06-05 02:24:01 | [INFO]    | Shard 0 : Received READY
2022-06-05 02:25:35 | [INFO]    | Discordia 2.9.2
2022-06-05 02:25:35 | [INFO]    | Connecting to Discord...
2022-06-05 02:25:35 | [INFO]    | Authenticated as braytest#0780
2022-06-05 02:25:35 | [INFO]    | Launching shard 0 (1 out of 1)...
2022-06-05 02:25:35 | [INFO]    | Shard 0 : Connected to wss://gateway.discord.gg
2022-06-05 02:25:35 | [INFO]    | Shard 0 : Received HELLO
2022-06-05 02:25:35 | [INFO]    | Shard 0 : Received READY
2022-06-05 02:28:47 | [INFO]    | Discordia 2.9.2
2022-06-05 02:28:47 | [INFO]    | Connecting to Discord...
2022-06-05 02:28:47 | [INFO]    | Authenticated as braytest#0780
2022-06-05 02:28:47 | [INFO]    | Launching shard 0 (1 out of 1)...
2022-06-05 02:28:48 | [INFO]    | Shard 0 : Connected to wss://gateway.discord.gg
2022-06-05 02:28:48 | [INFO]    | Shard 0 : Received HELLO
2022-06-05 02:28:48 | [INFO]    | Shard 0 : Received READY
2022-06-05 02:30:18 | [INFO]    | Discordia 2.9.2
2022-06-05 02:30:18 | [INFO]    | Connecting to Discord...
2022-06-05 02:30:18 | [INFO]    | Authenticated as braytest#0780
2022-06-05 02:30:18 | [INFO]    | Launching shard 0 (1 out of 1)...
2022-06-05 02:30:18 | [INFO]    | Shard 0 : Connected to wss://gateway.discord.gg
2022-06-05 02:30:18 | [INFO]    | Shard 0 : Received HELLO
2022-06-05 02:30:19 | [INFO]    | Shard 0 : Received READY
2022-06-05 02:31:38 | [INFO]    | Discordia 2.9.2
2022-06-05 02:31:38 | [INFO]    | Connecting to Discord...
2022-06-05 02:31:38 | [INFO]    | Authenticated as braytest#0780
2022-06-05 02:31:38 | [INFO]    | Launching shard 0 (1 out of 1)...
2022-06-05 02:31:39 | [INFO]    | Shard 0 : Connected to wss://gateway.discord.gg
2022-06-05 02:31:39 | [INFO]    | Shard 0 : Received HELLO
2022-06-05 02:31:39 | [INFO]    | Shard 0 : Received READY
2022-06-05 02:33:11 | [INFO]    | Discordia 2.9.2
2022-06-05 02:33:11 | [INFO]    | Connecting to Discord...
2022-06-05 02:33:12 | [INFO]    | Authenticated as braytest#0780
2022-06-05 02:33:12 | [INFO]    | Launching shard 0 (1 out of 1)...
2022-06-05 02:33:12 | [INFO]    | Shard 0 : Connected to wss://gateway.discord.gg
2022-06-05 02:33:12 | [INFO]    | Shard 0 : Received HELLO
2022-06-05 02:33:12 | [INFO]    | Shard 0 : Received READY
2022-06-05 02:35:31 | [INFO]    | Discordia 2.9.2
2022-06-05 02:35:31 | [INFO]    | Connecting to Discord...
2022-06-05 02:35:33 | [INFO]    | Authenticated as braytest#0780
2022-06-05 02:35:33 | [INFO]    | Launching shard 0 (1 out of 1)...
2022-06-05 02:35:33 | [INFO]    | Shard 0 : Connected to wss://gateway.discord.gg
2022-06-05 02:35:33 | [INFO]    | Shard 0 : Received HELLO
2022-06-05 02:35:33 | [INFO]    | Shard 0 : Received READY
2022-06-05 02:36:13 | [INFO]    | Discordia 2.9.2
2022-06-05 02:36:13 | [INFO]    | Connecting to Discord...
2022-06-05 02:36:13 | [INFO]    | Authenticated as braytest#0780
2022-06-05 02:36:13 | [INFO]    | Launching shard 0 (1 out of 1)...
2022-06-05 02:36:13 | [INFO]    | Shard 0 : Connected to wss://gateway.discord.gg
2022-06-05 02:36:13 | [INFO]    | Shard 0 : Received HELLO
2022-06-05 02:36:14 | [INFO]    | Shard 0 : Received READY
2022-06-05 02:37:08 | [INFO]    | Discordia 2.9.2
2022-06-05 02:37:08 | [INFO]    | Connecting to Discord...
2022-06-05 02:37:08 | [INFO]    | Authenticated as braytest#0780
2022-06-05 02:37:08 | [INFO]    | Launching shard 0 (1 out of 1)...
2022-06-05 02:37:09 | [INFO]    | Shard 0 : Connected to wss://gateway.discord.gg
2022-06-05 02:37:09 | [INFO]    | Shard 0 : Received HELLO
2022-06-05 02:37:09 | [INFO]    | Shard 0 : Received READY
2022-06-05 02:37:45 | [INFO]    | Discordia 2.9.2
2022-06-05 02:37:45 | [INFO]    | Connecting to Discord...
2022-06-05 02:37:46 | [INFO]    | Authenticated as braytest#0780
2022-06-05 02:37:46 | [INFO]    | Launching shard 0 (1 out of 1)...
2022-06-05 02:37:48 | [INFO]    | Shard 0 : Connected to wss://gateway.discord.gg
2022-06-05 02:37:48 | [INFO]    | Shard 0 : Received HELLO
2022-06-05 02:37:48 | [INFO]    | Shard 0 : Received READY
2022-06-05 12:25:59 | [INFO]    | Discordia 2.9.2
2022-06-05 12:25:59 | [INFO]    | Connecting to Discord...
2022-06-05 12:25:59 | [INFO]    | Authenticated as braytest#0780
2022-06-05 12:26:00 | [INFO]    | Launching shard 0 (1 out of 1)...
2022-06-05 12:26:00 | [INFO]    | Shard 0 : Connected to wss://gateway.discord.gg
2022-06-05 12:26:00 | [INFO]    | Shard 0 : Received HELLO
2022-06-05 12:26:00 | [INFO]    | Shard 0 : Received READY
2022-06-05 13:03:43 | [INFO]    | Discordia 2.9.2
2022-06-05 13:03:43 | [INFO]    | Connecting to Discord...
2022-06-05 13:03:43 | [INFO]    | Authenticated as braytest#0780
2022-06-05 13:03:43 | [INFO]    | Launching shard 0 (1 out of 1)...
2022-06-05 13:03:44 | [INFO]    | Shard 0 : Connected to wss://gateway.discord.gg
2022-06-05 13:03:44 | [INFO]    | Shard 0 : Received HELLO
2022-06-05 13:03:44 | [INFO]    | Shard 0 : Received READY
2022-06-05 13:07:25 | [INFO]    | Discordia 2.9.2
2022-06-05 13:07:25 | [INFO]    | Connecting to Discord...
2022-06-05 13:07:25 | [INFO]    | Authenticated as braytest#0780
2022-06-05 13:07:25 | [INFO]    | Launching shard 0 (1 out of 1)...
2022-06-05 13:07:25 | [INFO]    | Shard 0 : Connected to wss://gateway.discord.gg
2022-06-05 13:07:25 | [INFO]    | Shard 0 : Received HELLO
2022-06-05 13:07:25 | [INFO]    | Shard 0 : Received READY
2022-06-05 13:14:27 | [INFO]    | Discordia 2.9.2
2022-06-05 13:14:27 | [INFO]    | Connecting to Discord...
2022-06-05 13:14:27 | [INFO]    | Authenticated as braytest#0780
2022-06-05 13:14:27 | [INFO]    | Launching shard 0 (1 out of 1)...
2022-06-05 13:14:27 | [INFO]    | Shard 0 : Connected to wss://gateway.discord.gg
2022-06-05 13:14:27 | [INFO]    | Shard 0 : Received HELLO
2022-06-05 13:14:28 | [INFO]    | Shard 0 : Received READY
2022-06-05 13:14:49 | [ERROR]   | 400 - Bad Request : GET https://discord.com/api/v7/users/nil
2022-06-05 13:14:49 | [ERROR]   | 400 - Bad Request : GET https://discord.com/api/v7/guilds/870560991983841310/members/nil
2022-06-05 13:15:00 | [INFO]    | Discordia 2.9.2
2022-06-05 13:15:00 | [INFO]    | Connecting to Discord...
2022-06-05 13:15:00 | [INFO]    | Authenticated as braytest#0780
2022-06-05 13:15:00 | [INFO]    | Launching shard 0 (1 out of 1)...
2022-06-05 13:15:01 | [INFO]    | Shard 0 : Connected to wss://gateway.discord.gg
2022-06-05 13:15:01 | [INFO]    | Shard 0 : Received HELLO
2022-06-05 13:15:01 | [INFO]    | Shard 0 : Received READY
2022-06-05 13:15:18 | [ERROR]   | 400 - Bad Request : GET https://discord.com/api/v7/users/nil
2022-06-05 13:15:18 | [ERROR]   | 400 - Bad Request : GET https://discord.com/api/v7/guilds/870560991983841310/members/nil
2022-06-05 13:18:54 | [INFO]    | Discordia 2.9.2
2022-06-05 13:18:54 | [INFO]    | Connecting to Discord...
2022-06-05 13:18:54 | [INFO]    | Authenticated as braytest#0780
2022-06-05 13:18:54 | [INFO]    | Launching shard 0 (1 out of 1)...
2022-06-05 13:18:54 | [INFO]    | Shard 0 : Connected to wss://gateway.discord.gg
2022-06-05 13:18:54 | [INFO]    | Shard 0 : Received HELLO
2022-06-05 13:18:55 | [INFO]    | Shard 0 : Received READY
2022-06-05 13:19:20 | [ERROR]   | 400 - Bad Request : GET https://discord.com/api/v7/users/nil
2022-06-05 13:20:20 | [INFO]    | Discordia 2.9.2
2022-06-05 13:20:20 | [INFO]    | Connecting to Discord...
2022-06-05 13:20:20 | [INFO]    | Authenticated as braytest#0780
2022-06-05 13:20:20 | [INFO]    | Launching shard 0 (1 out of 1)...
2022-06-05 13:20:20 | [INFO]    | Shard 0 : Connected to wss://gateway.discord.gg
2022-06-05 13:20:20 | [INFO]    | Shard 0 : Received HELLO
2022-06-05 13:20:21 | [INFO]    | Shard 0 : Received READY
2022-06-05 13:20:24 | [ERROR]   | 400 - Bad Request : GET https://discord.com/api/v7/users/nil
2022-06-05 13:22:00 | [INFO]    | Discordia 2.9.2
2022-06-05 13:22:00 | [INFO]    | Connecting to Discord...
2022-06-05 13:22:01 | [INFO]    | Authenticated as braytest#0780
2022-06-05 13:22:01 | [INFO]    | Launching shard 0 (1 out of 1)...
2022-06-05 13:22:01 | [INFO]    | Shard 0 : Connected to wss://gateway.discord.gg
2022-06-05 13:22:01 | [INFO]    | Shard 0 : Received HELLO
2022-06-05 13:22:01 | [INFO]    | Shard 0 : Received READY
2022-06-05 13:22:04 | [ERROR]   | 400 - Bad Request : GET https://discord.com/api/v7/users/nil
2022-06-05 13:22:11 | [ERROR]   | 400 - Bad Request : GET https://discord.com/api/v7/users/nil
2022-06-05 13:28:34 | [ERROR]   | 400 - Bad Request : GET https://discord.com/api/v7/users/nil
